<?xml version="1.0" encoding="UTF-8"?>
<!-- Generated by org.testng.reporters.JUnitReportReporter -->
<testsuite skipped="0" hostname="eman" name="NewTest" tests="1" failures="0" timestamp="2020-05-09T23:13:57 EET" time="13.924" errors="0">
  <testcase name="f" time="13.924" classname="NewTest"/>
  <system-out/>
</testsuite> <!-- NewTest -->
